Build started 25/10/2014 18:17:22.
     1>Project "C:\Users\spm\Desktop\PG\Projeto Base PG - OpenGL.vcxproj" on node 2 (Build target(s)).
       Project file contains ToolsVersion="12.0". This toolset may be unknown or missing, in which case you may be able to resolve this by installing the appropriate version of MSBuild, or the build may have been forced to a particular ToolsVersion for policy reasons. Treating the project as if it had ToolsVersion="4.0". For more information, please see http://go.microsoft.com/fwlink/?LinkId=291333.
     1>C:\Program Files (x86)\MSBuild\Microsoft.Cpp\v4.0\V110\Microsoft.CppBuild.targets(345,5): warning MSB8004: Intermediate Directory does not end with a trailing slash.  This build instance will add the slash as it is required to allow proper evaluation of the Intermediate Directory.
     1>C:\Program Files (x86)\MSBuild\Microsoft.Cpp\v4.0\V110\Microsoft.CppBuild.targets(346,5): warning MSB8004: Output Directory does not end with a trailing slash.  This build instance will add the slash as it is required to allow proper evaluation of the Output Directory.
     1>ClCompile:
         C:\Program Files (x86)\Microsoft Visual Studio 11.0\VC\bin\CL.exe /c /IC:\Users\spm\Desktop\PG\Dependencies\Include\ /Zi /nologo /W3 /WX- /O2 /Oi /Oy- /GL /D _MBCS /Gm- /EHsc /MD /GS /Gy /fp:precise /Zc:wchar_t /Zc:forScope /Fo"C:\Users\spm\Desktop\PG\Intermediary\Release\\" /Fd"C:\Users\spm\Desktop\PG\Intermediary\Release\vc110.pdb" /Gd /TP /analyze- /errorReport:prompt Code\openGL_tutorial.cpp
         openGL_tutorial.cpp
     1>Code\openGL_tutorial.cpp(62): warning C4018: '<' : signed/unsigned mismatch
     1>Code\openGL_tutorial.cpp(85): warning C4018: '<' : signed/unsigned mismatch
     1>Code\openGL_tutorial.cpp(110): warning C4018: '<' : signed/unsigned mismatch
     1>Code\openGL_tutorial.cpp(150): warning C4018: '<' : signed/unsigned mismatch
       Link:
         C:\Program Files (x86)\Microsoft Visual Studio 11.0\VC\bin\link.exe /ERRORREPORT:PROMPT /OUT:"C:\Users\spm\Desktop\PG\Output\Release\Projeto Base PG - OpenGL.exe" /NOLOGO /LIBPATH:C:\Users\spm\Desktop\PG\Dependencies\Lib\ kernel32.lib user32.lib gdi32.lib winspool.lib comdlg32.lib advapi32.lib shell32.lib ole32.lib oleaut32.lib uuid.lib odbc32.lib odbccp32.lib /MANIFEST /MANIFESTUAC:"level='asInvoker' uiAccess='false'" /manifest:embed /DEBUG /PDB:"C:\Users\spm\Desktop\PG\Output\Release\Projeto Base PG - OpenGL.pdb" /OPT:REF /OPT:ICF /LTCG /TLBID:1 /DYNAMICBASE /NXCOMPAT /IMPLIB:"C:\Users\spm\Desktop\PG\Output\Release\Projeto Base PG - OpenGL.lib" /MACHINE:X86 /SAFESEH C:\Users\spm\Desktop\PG\Intermediary\Release\openGL_tutorial.obj
         Generating code
         Finished generating code
         Projeto Base PG - OpenGL.vcxproj -> C:\Users\spm\Desktop\PG\Output\Release\Projeto Base PG - OpenGL.exe
     1>Done Building Project "C:\Users\spm\Desktop\PG\Projeto Base PG - OpenGL.vcxproj" (Build target(s)).

Build succeeded.

Time Elapsed 00:00:01.63
